Tue 25-Jan-2022 14:45:46 INFO  - [init] Version                   : HV000001: Hibernate Validator 6.1.6.Final
Tue 25-Jan-2022 14:45:46 INFO  - [Main] ReloadlyMailNotifierAppApplication : Starting ReloadlyMailNotifierAppApplication using Java 1.8.0_131 on DESKTOP-2N2OQGT with PID 1404 (C:\Users\Uche Kamani\Documents\STS4Projects\reloadly-mail-notifier-app\target\classes started by Uche Kamani in C:\Users\Uche Kamani\Documents\STS4Projects\reloadly-mail-notifier-app)
Tue 25-Jan-2022 14:45:46 INFO  - [Main] ReloadlyMailNotifierAppApplication : The following profiles are active: dev
Tue 25-Jan-2022 14:45:46 INFO  - [Main] DevToolsPropertyDefaultsPostProcessor : Devtools property defaults active! Set 'spring.devtools.add-properties' to 'false' to disable
Tue 25-Jan-2022 14:45:46 INFO  - [Main] DevToolsPropertyDefaultsPostProcessor : For additional web related logging consider setting the 'logging.level.web' property to 'DEBUG'
Tue 25-Jan-2022 14:45:51 INFO  - [Main] PostProcessorRegistrationDelegate$BeanPostProcessorChecker : Bean 'appProperties' of type [com.reloadly.devops.utilities.AppProperties$$EnhancerBySpringCGLIB$$5f130ebb] is not eligible for getting processed by all BeanPostProcessors (for example: not eligible for auto-proxying)
Tue 25-Jan-2022 14:45:51 INFO  - [Main] PostProcessorRegistrationDelegate$BeanPostProcessorChecker : Bean 'asyncConfig' of type [com.reloadly.devops.configs.AsyncConfig$$EnhancerBySpringCGLIB$$4785aa6c] is not eligible for getting processed by all BeanPostProcessors (for example: not eligible for auto-proxying)
Tue 25-Jan-2022 14:45:56 INFO  - [Main] TomcatWebServer           : Tomcat initialized with port(s): 6543 (http)
Tue 25-Jan-2022 14:45:56 INFO  - [Main] Http11NioProtocol         : Initializing ProtocolHandler ["http-nio-6543"]
Tue 25-Jan-2022 14:45:56 INFO  - [Main] StandardService           : Starting service [Tomcat]
Tue 25-Jan-2022 14:45:56 INFO  - [Main] StandardEngine            : Starting Servlet engine: [Apache Tomcat/9.0.41]
Tue 25-Jan-2022 14:45:56 INFO  - [Main] [/]                       : Initializing Spring embedded WebApplicationContext
Tue 25-Jan-2022 14:45:56 INFO  - [Main] ServletWebServerApplicationContext : Root WebApplicationContext: initialization completed in 9968 ms
Tue 25-Jan-2022 14:45:57 INFO  - [Main] RestTemplateConfig        : ---->>> Setting up certificate link and  communication
Tue 25-Jan-2022 14:46:01 INFO  - [Main] UserDetailsServiceAutoConfiguration : 

Using generated security password: be022b72-86a8-42a7-8591-da651af5db90

Tue 25-Jan-2022 14:46:02 INFO  - [Main] DefaultSecurityFilterChain : Will secure any request with [org.springframework.security.web.context.request.async.WebAsyncManagerIntegrationFilter@2152c0af, org.springframework.security.web.context.SecurityContextPersistenceFilter@25e70804, org.springframework.security.web.header.HeaderWriterFilter@7d8edf28, org.springframework.security.web.authentication.logout.LogoutFilter@4c706ac4, org.springframework.security.oauth2.provider.authentication.OAuth2AuthenticationProcessingFilter@7dc09967, org.springframework.security.web.savedrequest.RequestCacheAwareFilter@617c1890, org.springframework.security.web.servletapi.SecurityContextHolderAwareRequestFilter@734ea237, org.springframework.security.web.authentication.AnonymousAuthenticationFilter@561fda9a, org.springframework.security.web.session.SessionManagementFilter@4b131ded, org.springframework.security.web.access.ExceptionTranslationFilter@6d6ba21, org.springframework.security.web.access.intercept.FilterSecurityInterceptor@31b57b2a]
Tue 25-Jan-2022 14:46:03 INFO  - [Main] ThreadPoolTaskExecutor    : Initializing ExecutorService 'applicationTaskExecutor'
Tue 25-Jan-2022 14:46:06 WARN  - [Main] OptionalLiveReloadServer  : Unable to start LiveReload server
Tue 25-Jan-2022 14:46:06 INFO  - [Main] Http11NioProtocol         : Starting ProtocolHandler ["http-nio-6543"]
Tue 25-Jan-2022 14:46:06 INFO  - [Main] TomcatWebServer           : Tomcat started on port(s): 6543 (http) with context path ''
Tue 25-Jan-2022 14:46:06 INFO  - [Main] ReloadlyMailNotifierAppApplication : Started ReloadlyMailNotifierAppApplication in 21.335 seconds (JVM running for 25.289)
Tue 25-Jan-2022 14:51:03 INFO  - [.0.1] SpringApplicationAdminMXBeanRegistrar$SpringApplicationAdmin : Application shutdown requested.
Tue 25-Jan-2022 14:51:03 INFO  - [.0.1] SpringApplicationAdminMXBeanRegistrar$SpringApplicationAdmin : Application shutdown requested.
Tue 25-Jan-2022 14:51:04 INFO  - [.0.1] SpringApplicationAdminMXBeanRegistrar$SpringApplicationAdmin : Application shutdown requested.
Tue 25-Jan-2022 14:51:04 INFO  - [.0.1] SpringApplicationAdminMXBeanRegistrar$SpringApplicationAdmin : Application shutdown requested.
Tue 25-Jan-2022 14:51:04 INFO  - [.0.1] ThreadPoolTaskExecutor    : Shutting down ExecutorService 'applicationTaskExecutor'
